<?xml version="1.0" encoding="UTF-8"?>
<testsuite xmlns:xsi="http://www.w3.org/2001/XMLSchema-instance" xsi:noNamespaceSchemaLocation="https://maven.apache.org/surefire/maven-surefire-plugin/xsd/surefire-test-report.xsd" version="3.0.2" name="com.evently.evt_notification_service.service.EventNotificationServiceImplTest" time="0.123" tests="5" errors="0" skipped="0" failures="0" flakes="0">
  <properties>
[...]
</properties>
  <testcase name="processEventNotification_shouldAdjustCountsOnStatusChange" classname="com.evently.evt_notification_service.service.EventNotificationServiceImplTest" time="0.111">
    <system-out><![CDATA[2026-06-08T22:27:43.602+05:30  INFO 17875 --- [evt-notification-service] [           main] c.e.e.s.EventNotificationServiceImpl     : Adjusted dashboard counts for city=Chicago
2026-06-08T22:27:43.602+05:30  INFO 17875 --- [evt-notification-service] [           main] c.e.e.s.EventNotificationServiceImpl     : Successfully processed event notification. Event ID: msg-999, Entity ID: event-123
]]></system-out>
  </testcase>
  <testcase name="processEventNotification_shouldCreateNewDashboardIfFirstEvent" classname="com.evently.evt_notification_service.service.EventNotificationServiceImplTest" time="0.004">
    <system-out><![CDATA[2026-06-08T22:27:43.630+05:30  INFO 17875 --- [evt-notification-service] [           main] c.e.e.s.EventNotificationServiceImpl     : Incremented dashboard counts for city=Chicago
2026-06-08T22:27:43.630+05:30  INFO 17875 --- [evt-notification-service] [           main] c.e.e.s.EventNotificationServiceImpl     : Successfully processed event notification. Event ID: msg-999, Entity ID: event-123
]]></system-out>
  </testcase>
  <testcase name="processEventNotification_shouldAdjustCountsOnCityChange" classname="com.evently.evt_notification_service.service.EventNotificationServiceImplTest" time="0.002">
    <system-out><![CDATA[2026-06-08T22:27:43.635+05:30  INFO 17875 --- [evt-notification-service] [           main] c.e.e.s.EventNotificationServiceImpl     : Decremented dashboard counts for city=Chicago
2026-06-08T22:27:43.635+05:30  INFO 17875 --- [evt-notification-service] [           main] c.e.e.s.EventNotificationServiceImpl     : Incremented dashboard counts for city=Detroit
2026-06-08T22:27:43.635+05:30  INFO 17875 --- [evt-notification-service] [           main] c.e.e.s.EventNotificationServiceImpl     : Successfully processed event notification. Event ID: msg-999, Entity ID: event-123
]]></system-out>
  </testcase>
  <testcase name="processEventNotification_shouldSkipIfDuplicateEventId" classname="com.evently.evt_notification_service.service.EventNotificationServiceImplTest" time="0.001">
    <system-out><![CDATA[2026-06-08T22:27:43.637+05:30  WARN 17875 --- [evt-notification-service] [           main] c.e.e.s.EventNotificationServiceImpl     : Duplicate message received. Event ID msg-999 already exists in database. Skipping processing.
]]></system-out>
  </testcase>
  <testcase name="processEventNotification_shouldIncrementPublishedEventsIfStatusIsPublished" classname="com.evently.evt_notification_service.service.EventNotificationServiceImplTest" time="0.002">
    <system-out><![CDATA[2026-06-08T22:27:43.639+05:30  INFO 17875 --- [evt-notification-service] [           main] c.e.e.s.EventNotificationServiceImpl     : Incremented dashboard counts for city=Chicago
2026-06-08T22:27:43.639+05:30  INFO 17875 --- [evt-notification-service] [           main] c.e.e.s.EventNotificationServiceImpl     : Successfully processed event notification. Event ID: msg-999, Entity ID: event-123
]]></system-out>
  </testcase>
</testsuite>