<?xml version="1.0" encoding="UTF-8"?>
<testsuite xmlns:xsi="http://www.w3.org/2001/XMLSchema-instance" xsi:noNamespaceSchemaLocation="https://maven.apache.org/surefire/maven-surefire-plugin/xsd/surefire-test-report.xsd" version="3.0.2" name="com.evently.evt_notification_service.controller.DashboardControllerTest" time="1.427" tests="2" errors="0" skipped="0" failures="0" flakes="0">
  <properties>
[...]
</properties>
  <testcase name="getNotifications_shouldReturnNotificationsList" classname="com.evently.evt_notification_service.controller.DashboardControllerTest" time="0.1">
    <system-out><![CDATA[16:32:12.598 [main] INFO org.springframework.test.context.support.AnnotationConfigContextLoaderUtils -- Could not detect default configuration classes for test class [com.evently.evt_notification_service.controller.DashboardControllerTest]: DashboardControllerTest does not declare any static, non-private, non-final, nested classes annotated with @Configuration.
16:32:12.673 [main] INFO org.springframework.boot.test.context.SpringBootTestContextBootstrapper -- Found @SpringBootConfiguration com.evently.evt_notification_service.EvtNotificationServiceApplication for test class com.evently.evt_notification_service.controller.DashboardControllerTest

  .   ____          _            __ _ _
 /\\ / ___'_ __ _ _(_)_ __  __ _ \ \ \ \
( ( )\___ | '_ | '_| | '_ \/ _` | \ \ \ \
 \\/  ___)| |_)| | | | | || (_| |  ) ) ) )
  '  |____| .__|_| |_|_| |_\__, | / / / /
 =========|_|==============|___/=/_/_/_/

 :: Spring Boot ::               (v3.5.14)

2026-06-09T16:32:12.910+05:30  INFO 30290 --- [evt-notification-service] [           main] c.e.e.c.DashboardControllerTest          : Starting DashboardControllerTest using Java 26.0.1 with PID 30290 (started by rampratapsingh in /Users/rampratapsingh/evently/evt-notification-service)
2026-06-09T16:32:12.911+05:30  INFO 30290 --- [evt-notification-service] [           main] c.e.e.c.DashboardControllerTest          : No active profile set, falling back to 1 default profile: "default"
2026-06-09T16:32:13.815+05:30  INFO 30290 --- [evt-notification-service] [           main] o.s.b.t.m.w.SpringBootMockServletContext : Initializing Spring TestDispatcherServlet ''
2026-06-09T16:32:13.815+05:30  INFO 30290 --- [evt-notification-service] [           main] o.s.t.web.servlet.TestDispatcherServlet  : Initializing Servlet ''
2026-06-09T16:32:13.816+05:30  INFO 30290 --- [evt-notification-service] [           main] o.s.t.web.servlet.TestDispatcherServlet  : Completed initialization in 0 ms
2026-06-09T16:32:13.829+05:30  INFO 30290 --- [evt-notification-service] [           main] c.e.e.c.DashboardControllerTest          : Started DashboardControllerTest in 1.117 seconds (process running for 1.614)
2026-06-09T16:32:13.878+05:30  INFO 30290 --- [evt-notification-service] [           main] c.e.e.controller.DashboardController     : Received request to fetch notifications for entityId: event-1, page: 0, size: 10
]]></system-out>
    <system-err><![CDATA[Mockito is currently self-attaching to enable the inline-mock-maker. This will no longer work in future releases of the JDK. Please add Mockito as an agent to your build as described in Mockito's documentation: https://javadoc.io/doc/org.mockito/mockito-core/latest/org.mockito/org/mockito/Mockito.html#0.3
WARNING: A Java agent has been loaded dynamically (/Users/rampratapsingh/.m2/repository/net/bytebuddy/byte-buddy-agent/1.17.8/byte-buddy-agent-1.17.8.jar)
WARNING: If a serviceability tool is in use, please run with -XX:+EnableDynamicAgentLoading to hide this warning
WARNING: If a serviceability tool is not in use, please run with -Djdk.instrument.traceUsage for more information
WARNING: Dynamic loading of agents will be disallowed by default in a future release
]]></system-err>
  </testcase>
  <testcase name="getDashboard_shouldReturnCityDashboard" classname="com.evently.evt_notification_service.controller.DashboardControllerTest" time="0.01">
    <system-out><![CDATA[2026-06-09T16:32:13.937+05:30  INFO 30290 --- [evt-notification-service] [           main] c.e.e.controller.DashboardController     : Received request to fetch dashboard for city: Dallas
]]></system-out>
  </testcase>
</testsuite>